# JRE version: 7.0_09-b05
# Java VM: Java HotSpot(TM) Server VM (23.5-b02 mixed mode linux-x86 )
Heap
 PSYoungGen      total 560448K, used 177539K [0x88b60000, 0xaf330000, 0xb3600000)
  eden space 514880K, 25% used [0x88b60000,0x90d5af48,0xa8230000)
  from space 45568K, 97% used [0xab6b0000,0xae215fd8,0xae330000)
  to   space 53760K, 0% used [0xa8230000,0xa8230000,0xab6b0000)
 ParOldGen       total 175104K, used 96027K [0x33600000, 0x3e100000, 0x88b60000)
  object space 175104K, 54% used [0x33600000,0x393c6d10,0x3e100000)
 PSPermGen       total 99968K, used 66386K [0x23600000, 0x297a0000, 0x33600000)
  object space 99968K, 66% used [0x23600000,0x276d4808,0x297a0000)
GC Heap History (10 events):
Event: 124.489 GC heap before
{Heap before GC invocations=25 (full 3):
 PSYoungGen      total 516736K, used 471752K [0x88b60000, 0xacc30000, 0xb3600000)
  eden space 466112K, 100% used [0x88b60000,0xa5290000,0xa5290000)
  from space 50624K, 11% used [0xa5290000,0xa5812250,0xa8400000)
  to   space 48192K, 0% used [0xa9d20000,0xa9d20000,0xacc30000)
 ParOldGen       total 175104K, used 96023K [0x33600000, 0x3e100000, 0x88b60000)
  object space 175104K, 54% used [0x33600000,0x393c5d10,0x3e100000)
 PSPermGen       total 99968K, used 65009K [0x23600000, 0x297a0000, 0x33600000)
  object space 99968K, 65% used [0x23600000,0x2757c5f8,0x297a0000)
Event: 124.496 GC heap after
Heap after GC invocations=25 (full 3):
 PSYoungGen      total 528384K, used 6496K [0x88b60000, 0xac2e0000, 0xb3600000)
  eden space 489728K, 0% used [0x88b60000,0x88b60000,0xa69a0000)
  from space 38656K, 16% used [0xa9d20000,0xaa3782c0,0xac2e0000)
  to   space 45696K, 0% used [0xa69a0000,0xa69a0000,0xa9640000)
 ParOldGen       total 175104K, used 96023K [0x33600000, 0x3e100000, 0x88b60000)
  object space 175104K, 54% used [0x33600000,0x393c5d10,0x3e100000)
 PSPermGen       total 99968K, used 65009K [0x23600000, 0x297a0000, 0x33600000)
  object space 99968K, 65% used [0x23600000,0x2757c5f8,0x297a0000)
}
Event: 135.419 GC heap before
{Heap before GC invocations=26 (full 3):
 PSYoungGen      total 528384K, used 496224K [0x88b60000, 0xac2e0000, 0xb3600000)
  eden space 489728K, 100% used [0x88b60000,0xa69a0000,0xa69a0000)
  from space 38656K, 16% used [0xa9d20000,0xaa3782c0,0xac2e0000)
  to   space 45696K, 0% used [0xa69a0000,0xa69a0000,0xa9640000)
 ParOldGen       total 175104K, used 96023K [0x33600000, 0x3e100000, 0x88b60000)
  object space 175104K, 54% used [0x33600000,0x393c5d10,0x3e100000)
 PSPermGen       total 99968K, used 65026K [0x23600000, 0x297a0000, 0x33600000)
  object space 99968K, 65% used [0x23600000,0x27580800,0x297a0000)
Event: 135.428 GC heap after
Heap after GC invocations=26 (full 3):
 PSYoungGen      total 535424K, used 7184K [0x88b60000, 0xad2e0000, 0xb3600000)
  eden space 489728K, 0% used [0x88b60000,0x88b60000,0xa69a0000)
  from space 45696K, 15% used [0xa69a0000,0xa70a4330,0xa9640000)
  to   space 43072K, 0% used [0xaa8d0000,0xaa8d0000,0xad2e0000)
 ParOldGen       total 175104K, used 96023K [0x33600000, 0x3e100000, 0x88b60000)
  object space 175104K, 54% used [0x33600000,0x393c5d10,0x3e100000)
 PSPermGen       total 99968K, used 65026K [0x23600000, 0x297a0000, 0x33600000)
  object space 99968K, 65% used [0x23600000,0x27580800,0x297a0000)
}
Event: 153.617 GC heap before
{Heap before GC invocations=27 (full 3):
 PSYoungGen      total 535424K, used 496912K [0x88b60000, 0xad2e0000, 0xb3600000)
  eden space 489728K, 100% used [0x88b60000,0xa69a0000,0xa69a0000)
  from space 45696K, 15% used [0xa69a0000,0xa70a4330,0xa9640000)
  to   space 43072K, 0% used [0xaa8d0000,0xaa8d0000,0xad2e0000)
 ParOldGen       total 175104K, used 96023K [0x33600000, 0x3e100000, 0x88b60000)
  object space 175104K, 54% used [0x33600000,0x393c5d10,0x3e100000)
 PSPermGen       total 99968K, used 66042K [0x23600000, 0x297a0000, 0x33600000)
  object space 99968K, 66% used [0x23600000,0x2767e920,0x297a0000)
Event: 153.633 GC heap after
Heap after GC invocations=27 (full 3):
 PSYoungGen      total 546496K, used 15420K [0x88b60000, 0xacd60000, 0xb3600000)
  eden space 509056K, 0% used [0x88b60000,0x88b60000,0xa7c80000)
  from space 37440K, 41% used [0xaa8d0000,0xab7df120,0xacd60000)
  to   space 41408K, 0% used [0xa7c80000,0xa7c80000,0xaa4f0000)
 ParOldGen       total 175104K, used 96027K [0x33600000, 0x3e100000, 0x88b60000)
  object space 175104K, 54% used [0x33600000,0x393c6d10,0x3e100000)
 PSPermGen       total 99968K, used 66042K [0x23600000, 0x297a0000, 0x33600000)
  object space 99968K, 66% used [0x23600000,0x2767e920,0x297a0000)
}
Event: 181.106 GC heap before
{Heap before GC invocations=28 (full 3):
 PSYoungGen      total 546496K, used 524476K [0x88b60000, 0xacd60000, 0xb3600000)
  eden space 509056K, 100% used [0x88b60000,0xa7c80000,0xa7c80000)
  from space 37440K, 41% used [0xaa8d0000,0xab7df120,0xacd60000)
  to   space 41408K, 0% used [0xa7c80000,0xa7c80000,0xaa4f0000)
 ParOldGen       total 175104K, used 96027K [0x33600000, 0x3e100000, 0x88b60000)
  object space 175104K, 54% used [0x33600000,0x393c6d10,0x3e100000)
 PSPermGen       total 99968K, used 66183K [0x23600000, 0x297a0000, 0x33600000)
  object space 99968K, 66% used [0x23600000,0x276a1cf8,0x297a0000)
Event: 181.134 GC heap after
Heap after GC invocations=28 (full 3):
 PSYoungGen      total 550464K, used 31035K [0x88b60000, 0xae330000, 0xb3600000)
  eden space 509056K, 0% used [0x88b60000,0x88b60000,0xa7c80000)
  from space 41408K, 74% used [0xa7c80000,0xa9aced90,0xaa4f0000)
  to   space 45568K, 0% used [0xab6b0000,0xab6b0000,0xae330000)
 ParOldGen       total 175104K, used 96027K [0x33600000, 0x3e100000, 0x88b60000)
  object space 175104K, 54% used [0x33600000,0x393c6d10,0x3e100000)
 PSPermGen       total 99968K, used 66183K [0x23600000, 0x297a0000, 0x33600000)
  object space 99968K, 66% used [0x23600000,0x276a1cf8,0x297a0000)
}
Event: 203.862 GC heap before
{Heap before GC invocations=29 (full 3):
 PSYoungGen      total 550464K, used 540091K [0x88b60000, 0xae330000, 0xb3600000)
  eden space 509056K, 100% used [0x88b60000,0xa7c80000,0xa7c80000)
  from space 41408K, 74% used [0xa7c80000,0xa9aced90,0xaa4f0000)
  to   space 45568K, 0% used [0xab6b0000,0xab6b0000,0xae330000)
 ParOldGen       total 175104K, used 96027K [0x33600000, 0x3e100000, 0x88b60000)
  object space 175104K, 54% used [0x33600000,0x393c6d10,0x3e100000)
 PSPermGen       total 99968K, used 66354K [0x23600000, 0x297a0000, 0x33600000)
  object space 99968K, 66% used [0x23600000,0x276cc800,0x297a0000)
Event: 203.892 GC heap after
Heap after GC invocations=29 (full 3):
 PSYoungGen      total 560448K, used 44439K [0x88b60000, 0xaf330000, 0xb3600000)
  eden space 514880K, 0% used [0x88b60000,0x88b60000,0xa8230000)
  from space 45568K, 97% used [0xab6b0000,0xae215fd8,0xae330000)
  to   space 53760K, 0% used [0xa8230000,0xa8230000,0xab6b0000)
 ParOldGen       total 175104K, used 96027K [0x33600000, 0x3e100000, 0x88b60000)
  object space 175104K, 54% used [0x33600000,0x393c6d10,0x3e100000)
 PSPermGen       total 99968K, used 66354K [0x23600000, 0x297a0000, 0x33600000)
  object space 99968K, 66% used [0x23600000,0x276cc800,0x297a0000)
}

