# JRE version: 7.0_09-b05
# Java VM: Java HotSpot(TM) Server VM (23.5-b02 mixed mode linux-x86 )
Heap
 PSYoungGen      total 597696K, used 130119K [0x88ba0000, 0xb1bb0000, 0xb3640000)
  eden space 552384K, 15% used [0x88ba0000,0x8e188600,0xaa710000)
  from space 45312K, 93% used [0xaa710000,0xad039938,0xad350000)
  to   space 52736K, 0% used [0xae830000,0xae830000,0xb1bb0000)
 ParOldGen       total 172992K, used 96626K [0x33640000, 0x3df30000, 0x88ba0000)
  object space 172992K, 55% used [0x33640000,0x3949c948,0x3df30000)
 PSPermGen       total 101632K, used 66380K [0x23640000, 0x29980000, 0x33640000)
  object space 101632K, 65% used [0x23640000,0x27713238,0x29980000)
GC Heap History (10 events):
Event: 102.659 GC heap before
{Heap before GC invocations=24 (full 3):
 PSYoungGen      total 547776K, used 512160K [0x88ba0000, 0xaddb0000, 0xb3640000)
  eden space 506688K, 100% used [0x88ba0000,0xa7a70000,0xa7a70000)
  from space 41088K, 13% used [0xab590000,0xabae81f0,0xaddb0000)
  to   space 50816K, 0% used [0xa7a70000,0xa7a70000,0xaac10000)
 ParOldGen       total 172992K, used 96618K [0x33640000, 0x3df30000, 0x88ba0000)
  object space 172992K, 55% used [0x33640000,0x3949a948,0x3df30000)
 PSPermGen       total 101632K, used 65025K [0x23640000, 0x29980000, 0x33640000)
  object space 101632K, 63% used [0x23640000,0x275c06c0,0x29980000)
Event: 102.666 GC heap after
Heap after GC invocations=24 (full 3):
 PSYoungGen      total 557504K, used 6016K [0x88ba0000, 0xaf730000, 0xb3640000)
  eden space 506688K, 0% used [0x88ba0000,0x88ba0000,0xa7a70000)
  from space 50816K, 11% used [0xa7a70000,0xa8050270,0xaac10000)
  to   space 48384K, 0% used [0xac7f0000,0xac7f0000,0xaf730000)
 ParOldGen       total 172992K, used 96622K [0x33640000, 0x3df30000, 0x88ba0000)
  object space 172992K, 55% used [0x33640000,0x3949b948,0x3df30000)
 PSPermGen       total 101632K, used 65025K [0x23640000, 0x29980000, 0x33640000)
  object space 101632K, 63% used [0x23640000,0x275c06c0,0x29980000)
}
Event: 114.543 GC heap before
{Heap before GC invocations=25 (full 3):
 PSYoungGen      total 557504K, used 512704K [0x88ba0000, 0xaf730000, 0xb3640000)
  eden space 506688K, 100% used [0x88ba0000,0xa7a70000,0xa7a70000)
  from space 50816K, 11% used [0xa7a70000,0xa8050270,0xaac10000)
  to   space 48384K, 0% used [0xac7f0000,0xac7f0000,0xaf730000)
 ParOldGen       total 172992K, used 96622K [0x33640000, 0x3df30000, 0x88ba0000)
  object space 172992K, 55% used [0x33640000,0x3949b948,0x3df30000)
 PSPermGen       total 101632K, used 65046K [0x23640000, 0x29980000, 0x33640000)
  object space 101632K, 64% used [0x23640000,0x275c5b30,0x29980000)
Event: 114.551 GC heap after
Heap after GC invocations=25 (full 3):
 PSYoungGen      total 570688K, used 7472K [0x88ba0000, 0xaed20000, 0xb3640000)
  eden space 532608K, 0% used [0x88ba0000,0x88ba0000,0xa93c0000)
  from space 38080K, 19% used [0xac7f0000,0xacf3c2f0,0xaed20000)
  to   space 45760K, 0% used [0xa93c0000,0xa93c0000,0xac070000)
 ParOldGen       total 172992K, used 96622K [0x33640000, 0x3df30000, 0x88ba0000)
  object space 172992K, 55% used [0x33640000,0x3949b948,0x3df30000)
 PSPermGen       total 101632K, used 65046K [0x23640000, 0x29980000, 0x33640000)
  object space 101632K, 64% used [0x23640000,0x275c5b30,0x29980000)
}
Event: 127.728 GC heap before
{Heap before GC invocations=26 (full 3):
 PSYoungGen      total 570688K, used 540080K [0x88ba0000, 0xaed20000, 0xb3640000)
  eden space 532608K, 100% used [0x88ba0000,0xa93c0000,0xa93c0000)
  from space 38080K, 19% used [0xac7f0000,0xacf3c2f0,0xaed20000)
  to   space 45760K, 0% used [0xa93c0000,0xa93c0000,0xac070000)
 ParOldGen       total 172992K, used 96622K [0x33640000, 0x3df30000, 0x88ba0000)
  object space 172992K, 55% used [0x33640000,0x3949b948,0x3df30000)
 PSPermGen       total 101632K, used 65975K [0x23640000, 0x29980000, 0x33640000)
  object space 101632K, 64% used [0x23640000,0x276ade60,0x29980000)
Event: 127.735 GC heap after
Heap after GC invocations=26 (full 3):
 PSYoungGen      total 578368K, used 10056K [0x88ba0000, 0xafd90000, 0xb3640000)
  eden space 532608K, 0% used [0x88ba0000,0x88ba0000,0xa93c0000)
  from space 45760K, 21% used [0xa93c0000,0xa9d923e8,0xac070000)
  to   space 42816K, 0% used [0xad3c0000,0xad3c0000,0xafd90000)
 ParOldGen       total 172992K, used 96626K [0x33640000, 0x3df30000, 0x88ba0000)
  object space 172992K, 55% used [0x33640000,0x3949c948,0x3df30000)
 PSPermGen       total 101632K, used 65975K [0x23640000, 0x29980000, 0x33640000)
  object space 101632K, 64% used [0x23640000,0x276ade60,0x29980000)
}
Event: 153.441 GC heap before
{Heap before GC invocations=27 (full 3):
 PSYoungGen      total 578368K, used 542664K [0x88ba0000, 0xafd90000, 0xb3640000)
  eden space 532608K, 100% used [0x88ba0000,0xa93c0000,0xa93c0000)
  from space 45760K, 21% used [0xa93c0000,0xa9d923e8,0xac070000)
  to   space 42816K, 0% used [0xad3c0000,0xad3c0000,0xafd90000)
 ParOldGen       total 172992K, used 96626K [0x33640000, 0x3df30000, 0x88ba0000)
  object space 172992K, 55% used [0x33640000,0x3949c948,0x3df30000)
 PSPermGen       total 101632K, used 66193K [0x23640000, 0x29980000, 0x33640000)
  object space 101632K, 65% used [0x23640000,0x276e4758,0x29980000)
Event: 153.461 GC heap after
Heap after GC invocations=27 (full 3):
 PSYoungGen      total 595200K, used 27196K [0x88ba0000, 0xaff90000, 0xb3640000)
  eden space 552384K, 0% used [0x88ba0000,0x88ba0000,0xaa710000)
  from space 42816K, 63% used [0xad3c0000,0xaee4f258,0xafd90000)
  to   space 45312K, 0% used [0xaa710000,0xaa710000,0xad350000)
 ParOldGen       total 172992K, used 96626K [0x33640000, 0x3df30000, 0x88ba0000)
  object space 172992K, 55% used [0x33640000,0x3949c948,0x3df30000)
 PSPermGen       total 101632K, used 66193K [0x23640000, 0x29980000, 0x33640000)
  object space 101632K, 65% used [0x23640000,0x276e4758,0x29980000)
}
Event: 178.594 GC heap before
{Heap before GC invocations=28 (full 3):
 PSYoungGen      total 595200K, used 579580K [0x88ba0000, 0xaff90000, 0xb3640000)
  eden space 552384K, 100% used [0x88ba0000,0xaa710000,0xaa710000)
  from space 42816K, 63% used [0xad3c0000,0xaee4f258,0xafd90000)
  to   space 45312K, 0% used [0xaa710000,0xaa710000,0xad350000)
 ParOldGen       total 172992K, used 96626K [0x33640000, 0x3df30000, 0x88ba0000)
  object space 172992K, 55% used [0x33640000,0x3949c948,0x3df30000)
 PSPermGen       total 101632K, used 66360K [0x23640000, 0x29980000, 0x33640000)
  object space 101632K, 65% used [0x23640000,0x2770e008,0x29980000)
Event: 178.617 GC heap after
Heap after GC invocations=28 (full 3):
 PSYoungGen      total 597696K, used 42150K [0x88ba0000, 0xb1bb0000, 0xb3640000)
  eden space 552384K, 0% used [0x88ba0000,0x88ba0000,0xaa710000)
  from space 45312K, 93% used [0xaa710000,0xad039938,0xad350000)
  to   space 52736K, 0% used [0xae830000,0xae830000,0xb1bb0000)
 ParOldGen       total 172992K, used 96626K [0x33640000, 0x3df30000, 0x88ba0000)
  object space 172992K, 55% used [0x33640000,0x3949c948,0x3df30000)
 PSPermGen       total 101632K, used 66360K [0x23640000, 0x29980000, 0x33640000)
  object space 101632K, 65% used [0x23640000,0x2770e008,0x29980000)
}

